TN:
SF:tests/checkInput.js
FN:3,(anonymous_0)
FN:43,(anonymous_1)
FN:58,(anonymous_2)
FNF:3
FNH:3
FNDA:8,(anonymous_0)
FNDA:4,(anonymous_1)
FNDA:5,(anonymous_2)
DA:1,1
DA:7,8
DA:8,8
DA:10,8
DA:11,5
DA:14,3
DA:16,3
DA:17,17
DA:18,1
DA:22,2
DA:23,2
DA:25,2
DA:26,0
DA:29,2
DA:30,0
DA:34,2
DA:35,14
DA:36,1
DA:40,1
DA:45,4
DA:46,4
DA:48,4
DA:49,2
DA:51,2
DA:52,1
DA:55,1
DA:67,5
DA:74,1
LF:28
LH:26
BRDA:10,0,0,5
BRDA:10,0,1,3
BRDA:10,1,0,8
BRDA:10,1,1,4
BRDA:17,2,0,1
BRDA:17,2,1,16
BRDA:25,3,0,2
BRDA:25,3,1,2
BRDA:29,4,0,2
BRDA:29,4,1,2
BRDA:35,5,0,1
BRDA:35,5,1,13
BRDA:48,6,0,2
BRDA:48,6,1,2
BRDA:48,7,0,4
BRDA:48,7,1,3
BRDA:51,8,0,1
BRDA:51,8,1,1
BRDA:51,9,0,2
BRDA:51,9,1,1
BRDA:51,9,2,1
BRDA:67,10,0,5
BRDA:67,10,1,2
BRF:23
BRH:23
end_of_record
TN:
SF:tests/checkReportInput.js
FN:3,(anonymous_0)
FN:19,(anonymous_1)
FNF:2
FNH:2
FNDA:3,(anonymous_0)
FNDA:5,(anonymous_1)
DA:1,1
DA:5,3
DA:6,1
DA:9,2
DA:10,2
DA:12,2
DA:13,1
DA:16,1
DA:21,5
DA:22,1
DA:25,4
DA:26,4
DA:28,4
DA:29,2
DA:32,2
DA:33,2
DA:34,52
DA:35,1
DA:39,1
DA:45,1
LF:20
LH:20
BRDA:5,0,0,1
BRDA:5,0,1,2
BRDA:12,1,0,1
BRDA:12,1,1,1
BRDA:12,2,0,2
BRDA:12,2,1,1
BRDA:21,3,0,1
BRDA:21,3,1,4
BRDA:28,4,0,2
BRDA:28,4,1,2
BRDA:28,5,0,4
BRDA:28,5,1,3
BRDA:34,6,0,1
BRDA:34,6,1,51
BRF:14
BRH:14
end_of_record
